c:\users\drwin\desktop\render\render3\vs\opengl\opengl\x64\release\vc143.pdb
c:\users\drwin\desktop\render\render3\vs\opengl\opengl\x64\release\glad.obj
c:\users\drwin\desktop\render\render3\vs\opengl\opengl\x64\release\texturemanager.obj
c:\users\drwin\desktop\render\render3\vs\opengl\opengl\x64\release\stb_image.obj
c:\users\drwin\desktop\render\render3\vs\opengl\opengl\x64\release\baselightshader.obj
c:\users\drwin\desktop\render\render3\vs\opengl\opengl\x64\release\shader.obj
c:\users\drwin\desktop\render\render3\vs\opengl\opengl\x64\release\resourcepathmanager.obj
c:\users\drwin\desktop\render\render3\vs\opengl\opengl\x64\release\inputsystem.obj
c:\users\drwin\desktop\render\render3\vs\opengl\opengl\x64\release\globalparametersmanager.obj
c:\users\drwin\desktop\render\render3\vs\opengl\opengl\x64\release\imgui_widgets.obj
c:\users\drwin\desktop\render\render3\vs\opengl\opengl\x64\release\imgui_tables.obj
c:\users\drwin\desktop\render\render3\vs\opengl\opengl\x64\release\imgui_impl_opengl3.obj
c:\users\drwin\desktop\render\render3\vs\opengl\opengl\x64\release\imgui_impl_glfw.obj
c:\users\drwin\desktop\render\render3\vs\opengl\opengl\x64\release\imgui_draw.obj
c:\users\drwin\desktop\render\render3\vs\opengl\opengl\x64\release\imgui_demo.obj
c:\users\drwin\desktop\render\render3\vs\opengl\opengl\x64\release\imgui.obj
c:\users\drwin\desktop\render\render3\vs\opengl\opengl\x64\release\object.obj
c:\users\drwin\desktop\render\render3\vs\opengl\opengl\x64\release\transform.obj
c:\users\drwin\desktop\render\render3\vs\opengl\opengl\x64\release\objectmanager.obj
c:\users\drwin\desktop\render\render3\vs\opengl\opengl\x64\release\imguizmo.obj
c:\users\drwin\desktop\render\render3\vs\opengl\opengl\x64\release\main.obj
c:\users\drwin\desktop\render\render3\vs\opengl\opengl\x64\release\baseshader.obj
c:\users\drwin\desktop\render\render3\vs\opengl\opengl\x64\release\renderpipeline.obj
c:\users\drwin\desktop\render\render3\vs\opengl\opengl\x64\release\forwardpass.obj
c:\users\drwin\desktop\render\render3\vs\opengl\opengl\x64\release\godclass.obj
c:\users\drwin\desktop\render\render3\vs\opengl\opengl\x64\release\render.obj
c:\users\drwin\desktop\render\render3\vs\opengl\opengl\x64\release\scene.obj
c:\users\drwin\desktop\render\render3\vs\opengl\x64\release\opengl.exe
c:\users\drwin\desktop\render\render3\vs\opengl\x64\release\opengl.pdb
c:\users\drwin\desktop\render\render3\vs\opengl\x64\release\opengl.lib
c:\users\drwin\desktop\render\render3\vs\opengl\x64\release\opengl.exp
c:\users\drwin\desktop\render\render3\vs\opengl\opengl\x64\release\opengl.ipdb
c:\users\drwin\desktop\render\render3\vs\opengl\opengl\x64\release\opengl.iobj
c:\users\drwin\desktop\render\render3\vs\opengl\opengl\x64\release\textureresource.obj
c:\users\drwin\desktop\render\render3\vs\opengl\opengl\x64\release\opengl.tlog\cl.command.1.tlog
c:\users\drwin\desktop\render\render3\vs\opengl\opengl\x64\release\opengl.tlog\cl.items.tlog
c:\users\drwin\desktop\render\render3\vs\opengl\opengl\x64\release\opengl.tlog\cl.read.1.tlog
c:\users\drwin\desktop\render\render3\vs\opengl\opengl\x64\release\opengl.tlog\cl.write.1.tlog
c:\users\drwin\desktop\render\render3\vs\opengl\opengl\x64\release\opengl.tlog\link.command.1.tlog
c:\users\drwin\desktop\render\render3\vs\opengl\opengl\x64\release\opengl.tlog\link.read.1.tlog
c:\users\drwin\desktop\render\render3\vs\opengl\opengl\x64\release\opengl.tlog\link.secondary.1.tlog
c:\users\drwin\desktop\render\render3\vs\opengl\opengl\x64\release\opengl.tlog\link.write.1.tlog
