  Main.cpp
  GodClass.cpp
  InputSystem.cpp
  Scene.cpp
  Transform.cpp
  baseShader.cpp
  camera.cpp
  Object.cpp
  ForwardPass.cpp
  OutlinePass.cpp
  Post-ProcessingPass.cpp
  Render.cpp
  RenderPass.cpp
  RenderPipeLine.cpp
  RendererTarget.cpp
  BaseLightShader.cpp
    正在创建库 C:\Users\Drwin\Desktop\render\render3\vs\OpenGl\x64\Release\OpenGl.lib 和对象 C:\Users\Drwin\Desktop\render\render3\vs\OpenGl\x64\Release\OpenGl.exp
  正在生成代码
  20 of 6065 functions ( 0.3%) were compiled, the rest were copied from previous compilation.
    3 functions were new in current compilation
    91 functions had inline decision re-evaluated but remain unchanged
  已完成代码的生成
  OpenGl.vcxproj -> C:\Users\Drwin\Desktop\render\render3\vs\OpenGl\x64\Release\OpenGl.exe
